# JRE version: Java(TM) SE Runtime Environment (21.0.3+7) (build 21.0.3+7-LTS-152)
# Java VM: Java HotSpot(TM) 64-Bit Server VM (21.0.3+7-LTS-152, mixed mode, emulated-client, sharing, tiered, compressed oops, compressed class ptrs, g1 gc, windows-amd64)
GC Precious Log:
 CardTable entry size: 512
 Card Set container configuration: InlinePtr #cards 4 size 8 Array Of Cards #cards 16 size 48 Howl #buckets 8 coarsen threshold 3686 Howl Bitmap #cards 512 size 80 coarsen threshold 460 Card regions per heap region 1 cards per card region 4096
 CPUs: 16 total, 16 available
 Memory: 16106M
 Large Page Support: Disabled
 NUMA Support: Disabled
 Compressed Oops: Enabled (Zero based)
 Heap Region Size: 2M
 Heap Min Capacity: 8M
 Heap Initial Capacity: 252M
 Heap Max Capacity: 4028M
 Pre-touch: Disabled
 Parallel Workers: 13
 Concurrent Workers: 3
 Concurrent Refinement Workers: 13
 Periodic GC: Disabled
Heap:
 garbage-first heap   total 69632K, used 27957K [0x0000000704400000, 0x0000000800000000)
  region size 2048K, 2 young (4096K), 2 survivors (4096K)
 Metaspace       used 45966K, committed 46528K, reserved 1114112K
  class space    used 6342K, committed 6592K, reserved 1048576K
GC Heap History (20 events):
Event: 0.464 GC heap after
{Heap after GC invocations=1 (full 0):
 garbage-first heap   total 258048K, used 9733K [0x0000000704400000, 0x0000000800000000)
  region size 2048K, 2 young (4096K), 2 survivors (4096K)
 Metaspace       used 5233K, committed 5440K, reserved 1114112K
  class space    used 615K, committed 704K, reserved 1048576K
}
Event: 0.801 GC heap before
{Heap before GC invocations=1 (full 0):
 garbage-first heap   total 258048K, used 28165K [0x0000000704400000, 0x0000000800000000)
  region size 2048K, 11 young (22528K), 2 survivors (4096K)
 Metaspace       used 9905K, committed 10176K, reserved 1114112K
  class space    used 1271K, committed 1408K, reserved 1048576K
}
Event: 0.805 GC heap after
{Heap after GC invocations=2 (full 0):
 garbage-first heap   total 258048K, used 12162K [0x0000000704400000, 0x0000000800000000)
  region size 2048K, 2 young (4096K), 2 survivors (4096K)
 Metaspace       used 9905K, committed 10176K, reserved 1114112K
  class space    used 1271K, committed 1408K, reserved 1048576K
}
Event: 1.039 GC heap before
{Heap before GC invocations=2 (full 0):
 garbage-first heap   total 258048K, used 34690K [0x0000000704400000, 0x0000000800000000)
  region size 2048K, 14 young (28672K), 2 survivors (4096K)
 Metaspace       used 14610K, committed 14912K, reserved 1114112K
  class space    used 1919K, committed 2048K, reserved 1048576K
}
Event: 1.042 GC heap after
{Heap after GC invocations=3 (full 0):
 garbage-first heap   total 258048K, used 13763K [0x0000000704400000, 0x0000000800000000)
  region size 2048K, 2 young (4096K), 2 survivors (4096K)
 Metaspace       used 14610K, committed 14912K, reserved 1114112K
  class space    used 1919K, committed 2048K, reserved 1048576K
}
Event: 1.354 GC heap before
{Heap before GC invocations=4 (full 0):
 garbage-first heap   total 61440K, used 46531K [0x0000000704400000, 0x0000000800000000)
  region size 2048K, 18 young (36864K), 2 survivors (4096K)
 Metaspace       used 20496K, committed 20864K, reserved 1114112K
  class space    used 2729K, committed 2880K, reserved 1048576K
}
Event: 1.361 GC heap after
{Heap after GC invocations=5 (full 0):
 garbage-first heap   total 61440K, used 16422K [0x0000000704400000, 0x0000000800000000)
  region size 2048K, 3 young (6144K), 3 survivors (6144K)
 Metaspace       used 20496K, committed 20864K, reserved 1114112K
  class space    used 2729K, committed 2880K, reserved 1048576K
}
Event: 1.706 GC heap before
{Heap before GC invocations=5 (full 0):
 garbage-first heap   total 61440K, used 36902K [0x0000000704400000, 0x0000000800000000)
  region size 2048K, 14 young (28672K), 3 survivors (6144K)
 Metaspace       used 24439K, committed 24896K, reserved 1114112K
  class space    used 3280K, committed 3520K, reserved 1048576K
}
Event: 1.712 GC heap after
{Heap after GC invocations=6 (full 0):
 garbage-first heap   total 61440K, used 17697K [0x0000000704400000, 0x0000000800000000)
  region size 2048K, 1 young (2048K), 1 survivors (2048K)
 Metaspace       used 24439K, committed 24896K, reserved 1114112K
  class space    used 3280K, committed 3520K, reserved 1048576K
}
Event: 1.733 GC heap before
{Heap before GC invocations=6 (full 0):
 garbage-first heap   total 61440K, used 17697K [0x0000000704400000, 0x0000000800000000)
  region size 2048K, 2 young (4096K), 1 survivors (2048K)
 Metaspace       used 24805K, committed 25216K, reserved 1114112K
  class space    used 3331K, committed 3520K, reserved 1048576K
}
Event: 1.735 GC heap after
{Heap after GC invocations=7 (full 0):
 garbage-first heap   total 159744K, used 17514K [0x0000000704400000, 0x0000000800000000)
  region size 2048K, 1 young (2048K), 1 survivors (2048K)
 Metaspace       used 24805K, committed 25216K, reserved 1114112K
  class space    used 3331K, committed 3520K, reserved 1048576K
}
Event: 2.807 GC heap before
{Heap before GC invocations=8 (full 0):
 garbage-first heap   total 69632K, used 56426K [0x0000000704400000, 0x0000000800000000)
  region size 2048K, 20 young (40960K), 1 survivors (2048K)
 Metaspace       used 33832K, committed 34240K, reserved 1114112K
  class space    used 4448K, committed 4608K, reserved 1048576K
}
Event: 2.813 GC heap after
{Heap after GC invocations=9 (full 0):
 garbage-first heap   total 69632K, used 19816K [0x0000000704400000, 0x0000000800000000)
  region size 2048K, 2 young (4096K), 2 survivors (4096K)
 Metaspace       used 33832K, committed 34240K, reserved 1114112K
  class space    used 4448K, committed 4608K, reserved 1048576K
}
Event: 3.180 GC heap before
{Heap before GC invocations=9 (full 0):
 garbage-first heap   total 69632K, used 54632K [0x0000000704400000, 0x0000000800000000)
  region size 2048K, 19 young (38912K), 2 survivors (4096K)
 Metaspace       used 36474K, committed 36928K, reserved 1114112K
  class space    used 4785K, committed 4992K, reserved 1048576K
}
Event: 3.190 GC heap after
{Heap after GC invocations=10 (full 0):
 garbage-first heap   total 69632K, used 22913K [0x0000000704400000, 0x0000000800000000)
  region size 2048K, 3 young (6144K), 3 survivors (6144K)
 Metaspace       used 36474K, committed 36928K, reserved 1114112K
  class space    used 4785K, committed 4992K, reserved 1048576K
}
Event: 3.720 GC heap before
{Heap before GC invocations=10 (full 0):
 garbage-first heap   total 69632K, used 55681K [0x0000000704400000, 0x0000000800000000)
  region size 2048K, 19 young (38912K), 3 survivors (6144K)
 Metaspace       used 40553K, committed 41024K, reserved 1114112K
  class space    used 5340K, committed 5568K, reserved 1048576K
}
Event: 3.730 GC heap after
{Heap after GC invocations=11 (full 0):
 garbage-first heap   total 69632K, used 24753K [0x0000000704400000, 0x0000000800000000)
  region size 2048K, 3 young (6144K), 3 survivors (6144K)
 Metaspace       used 40553K, committed 41024K, reserved 1114112K
  class space    used 5340K, committed 5568K, reserved 1048576K
}
Event: 3.871 GC heap before
{Heap before GC invocations=11 (full 0):
 garbage-first heap   total 69632K, used 32945K [0x0000000704400000, 0x0000000800000000)
  region size 2048K, 8 young (16384K), 3 survivors (6144K)
 Metaspace       used 41758K, committed 42240K, reserved 1114112K
  class space    used 5519K, committed 5760K, reserved 1048576K
}
Event: 3.881 GC heap after
{Heap after GC invocations=12 (full 0):
 garbage-first heap   total 69632K, used 25808K [0x0000000704400000, 0x0000000800000000)
  region size 2048K, 2 young (4096K), 2 survivors (4096K)
 Metaspace       used 41758K, committed 42240K, reserved 1114112K
  class space    used 5519K, committed 5760K, reserved 1048576K
}
Event: 4.423 GC heap before
{Heap before GC invocations=13 (full 0):
 garbage-first heap   total 69632K, used 58576K [0x0000000704400000, 0x0000000800000000)
  region size 2048K, 18 young (36864K), 2 survivors (4096K)
 Metaspace       used 45966K, committed 46528K, reserved 1114112K
  class space    used 6342K, committed 6592K, reserved 1048576K
}

