# JRE version: Java(TM) SE Runtime Environment (21.0.3+7) (build 21.0.3+7-LTS-152)
# Java VM: Java HotSpot(TM) 64-Bit Server VM (21.0.3+7-LTS-152, mixed mode, emulated-client, sharing, tiered, compressed oops, compressed class ptrs, g1 gc, windows-amd64)
GC Precious Log:
 CardTable entry size: 512
 Card Set container configuration: InlinePtr #cards 4 size 8 Array Of Cards #cards 16 size 48 Howl #buckets 8 coarsen threshold 3686 Howl Bitmap #cards 512 size 80 coarsen threshold 460 Card regions per heap region 1 cards per card region 4096
 CPUs: 16 total, 16 available
 Memory: 16106M
 Large Page Support: Disabled
 NUMA Support: Disabled
 Compressed Oops: Enabled (Zero based)
 Heap Region Size: 2M
 Heap Min Capacity: 8M
 Heap Initial Capacity: 252M
 Heap Max Capacity: 4028M
 Pre-touch: Disabled
 Parallel Workers: 13
 Concurrent Workers: 3
 Concurrent Refinement Workers: 13
 Periodic GC: Disabled
Heap:
 garbage-first heap   total 104448K, used 68981K [0x0000000704400000, 0x0000000800000000)
  region size 2048K, 14 young (28672K), 2 survivors (4096K)
 Metaspace       used 78170K, committed 78848K, reserved 1179648K
  class space    used 10344K, committed 10624K, reserved 1048576K
GC Heap History (20 events):
Event: 2.116 GC heap before
{Heap before GC invocations=9 (full 0):
 garbage-first heap   total 69632K, used 54405K [0x0000000704400000, 0x0000000800000000)
  region size 2048K, 20 young (40960K), 2 survivors (4096K)
 Metaspace       used 36523K, committed 36992K, reserved 1114112K
  class space    used 4797K, committed 4992K, reserved 1048576K
}
Event: 2.124 GC heap after
{Heap after GC invocations=10 (full 0):
 garbage-first heap   total 69632K, used 22758K [0x0000000704400000, 0x0000000800000000)
  region size 2048K, 3 young (6144K), 3 survivors (6144K)
 Metaspace       used 36523K, committed 36992K, reserved 1114112K
  class space    used 4797K, committed 4992K, reserved 1048576K
}
Event: 2.414 GC heap before
{Heap before GC invocations=10 (full 0):
 garbage-first heap   total 69632K, used 55526K [0x0000000704400000, 0x0000000800000000)
  region size 2048K, 19 young (38912K), 3 survivors (6144K)
 Metaspace       used 40669K, committed 41152K, reserved 1114112K
  class space    used 5350K, committed 5568K, reserved 1048576K
}
Event: 2.421 GC heap after
{Heap after GC invocations=11 (full 0):
 garbage-first heap   total 69632K, used 24655K [0x0000000704400000, 0x0000000800000000)
  region size 2048K, 2 young (4096K), 2 survivors (4096K)
 Metaspace       used 40669K, committed 41152K, reserved 1114112K
  class space    used 5350K, committed 5568K, reserved 1048576K
}
Event: 2.519 GC heap before
{Heap before GC invocations=11 (full 0):
 garbage-first heap   total 69632K, used 34895K [0x0000000704400000, 0x0000000800000000)
  region size 2048K, 8 young (16384K), 2 survivors (4096K)
 Metaspace       used 41979K, committed 42496K, reserved 1114112K
  class space    used 5543K, committed 5760K, reserved 1048576K
}
Event: 2.523 GC heap after
{Heap after GC invocations=12 (full 0):
 garbage-first heap   total 69632K, used 25596K [0x0000000704400000, 0x0000000800000000)
  region size 2048K, 2 young (4096K), 2 survivors (4096K)
 Metaspace       used 41979K, committed 42496K, reserved 1114112K
  class space    used 5543K, committed 5760K, reserved 1048576K
}
Event: 2.897 GC heap before
{Heap before GC invocations=13 (full 0):
 garbage-first heap   total 69632K, used 58364K [0x0000000704400000, 0x0000000800000000)
  region size 2048K, 18 young (36864K), 2 survivors (4096K)
 Metaspace       used 46179K, committed 46720K, reserved 1114112K
  class space    used 6362K, committed 6592K, reserved 1048576K
}
Event: 2.903 GC heap after
{Heap after GC invocations=14 (full 0):
 garbage-first heap   total 69632K, used 27749K [0x0000000704400000, 0x0000000800000000)
  region size 2048K, 2 young (4096K), 2 survivors (4096K)
 Metaspace       used 46179K, committed 46720K, reserved 1114112K
  class space    used 6362K, committed 6592K, reserved 1048576K
}
Event: 3.237 GC heap before
{Heap before GC invocations=14 (full 0):
 garbage-first heap   total 69632K, used 58469K [0x0000000704400000, 0x0000000800000000)
  region size 2048K, 17 young (34816K), 2 survivors (4096K)
 Metaspace       used 52513K, committed 53184K, reserved 1114112K
  class space    used 7061K, committed 7360K, reserved 1048576K
}
Event: 3.241 GC heap after
{Heap after GC invocations=15 (full 0):
 garbage-first heap   total 83968K, used 29819K [0x0000000704400000, 0x0000000800000000)
  region size 2048K, 3 young (6144K), 3 survivors (6144K)
 Metaspace       used 52513K, committed 53184K, reserved 1114112K
  class space    used 7061K, committed 7360K, reserved 1048576K
}
Event: 3.534 GC heap before
{Heap before GC invocations=15 (full 0):
 garbage-first heap   total 83968K, used 68731K [0x0000000704400000, 0x0000000800000000)
  region size 2048K, 23 young (47104K), 3 survivors (6144K)
 Metaspace       used 57068K, committed 57728K, reserved 1114112K
  class space    used 7638K, committed 7936K, reserved 1048576K
}
Event: 3.537 GC heap after
{Heap after GC invocations=16 (full 0):
 garbage-first heap   total 83968K, used 34153K [0x0000000704400000, 0x0000000800000000)
  region size 2048K, 3 young (6144K), 3 survivors (6144K)
 Metaspace       used 57068K, committed 57728K, reserved 1114112K
  class space    used 7638K, committed 7936K, reserved 1048576K
}
Event: 3.821 GC heap before
{Heap before GC invocations=16 (full 0):
 garbage-first heap   total 83968K, used 71017K [0x0000000704400000, 0x0000000800000000)
  region size 2048K, 21 young (43008K), 3 survivors (6144K)
 Metaspace       used 62582K, committed 63232K, reserved 1114112K
  class space    used 8406K, committed 8704K, reserved 1048576K
}
Event: 3.825 GC heap after
{Heap after GC invocations=17 (full 0):
 garbage-first heap   total 86016K, used 41160K [0x0000000704400000, 0x0000000800000000)
  region size 2048K, 3 young (6144K), 3 survivors (6144K)
 Metaspace       used 62582K, committed 63232K, reserved 1114112K
  class space    used 8406K, committed 8704K, reserved 1048576K
}
Event: 3.936 GC heap before
{Heap before GC invocations=17 (full 0):
 garbage-first heap   total 86016K, used 69832K [0x0000000704400000, 0x0000000800000000)
  region size 2048K, 18 young (36864K), 3 survivors (6144K)
 Metaspace       used 63177K, committed 63872K, reserved 1114112K
  class space    used 8465K, committed 8768K, reserved 1048576K
}
Event: 3.938 GC heap after
{Heap after GC invocations=18 (full 0):
 garbage-first heap   total 86016K, used 43036K [0x0000000704400000, 0x0000000800000000)
  region size 2048K, 1 young (2048K), 1 survivors (2048K)
 Metaspace       used 63177K, committed 63872K, reserved 1114112K
  class space    used 8465K, committed 8768K, reserved 1048576K
}
Event: 4.267 GC heap before
{Heap before GC invocations=18 (full 0):
 garbage-first heap   total 86016K, used 71708K [0x0000000704400000, 0x0000000800000000)
  region size 2048K, 16 young (32768K), 1 survivors (2048K)
 Metaspace       used 70327K, committed 70976K, reserved 1114112K
  class space    used 9302K, committed 9600K, reserved 1048576K
}
Event: 4.269 GC heap after
{Heap after GC invocations=19 (full 0):
 garbage-first heap   total 86016K, used 45408K [0x0000000704400000, 0x0000000800000000)
  region size 2048K, 2 young (4096K), 2 survivors (4096K)
 Metaspace       used 70327K, committed 70976K, reserved 1114112K
  class space    used 9302K, committed 9600K, reserved 1048576K
}
Event: 4.745 GC heap before
{Heap before GC invocations=20 (full 0):
 garbage-first heap   total 86016K, used 74080K [0x0000000704400000, 0x0000000800000000)
  region size 2048K, 16 young (32768K), 2 survivors (4096K)
 Metaspace       used 76273K, committed 76928K, reserved 1179648K
  class space    used 10046K, committed 10304K, reserved 1048576K
}
Event: 4.749 GC heap after
{Heap after GC invocations=21 (full 0):
 garbage-first heap   total 104448K, used 48501K [0x0000000704400000, 0x0000000800000000)
  region size 2048K, 2 young (4096K), 2 survivors (4096K)
 Metaspace       used 76273K, committed 76928K, reserved 1179648K
  class space    used 10046K, committed 10304K, reserved 1048576K
}

